<?xml version="1.0" encoding="UTF-8"?>
<robot generator="Robot 6.1.1 (Python 3.10.4 on linux)" generated="20231110 16:11:09.378" rpa="false" schemaversion="4">
<suite id="s1" name="Tests" source="/home/anunissi/Documents/kurssit/ohtu/palautusrepositorio/viikko3/login-robot/src/tests">
<suite id="s1-s1" name="Login" source="/home/anunissi/Documents/kurssit/ohtu/palautusrepositorio/viikko3/login-robot/src/tests/login.robot">
<test id="s1-s1-t1" name="Login With Correct Credentials" line="6">
<kw name="Create User And Input Login Command" type="SETUP">
<kw name="Create User" library="AppLibrary">
<arg>kalle</arg>
<arg>kalle123</arg>
<status status="PASS" starttime="20231110 16:11:09.399" endtime="20231110 16:11:09.399"/>
</kw>
<kw name="Input Login Command" library="resource">
<kw name="Input" library="AppLibrary">
<arg>login</arg>
<status status="PASS" starttime="20231110 16:11:09.400" endtime="20231110 16:11:09.400"/>
</kw>
<status status="PASS" starttime="20231110 16:11:09.400" endtime="20231110 16:11:09.400"/>
</kw>
<status status="PASS" starttime="20231110 16:11:09.399" endtime="20231110 16:11:09.400"/>
</kw>
<kw name="Input Credentials" library="resource">
<arg>kalle</arg>
<arg>kalle123</arg>
<kw name="Input" library="AppLibrary">
<arg>${username}</arg>
<status status="PASS" starttime="20231110 16:11:09.400" endtime="20231110 16:11:09.401"/>
</kw>
<kw name="Input" library="AppLibrary">
<arg>${password}</arg>
<status status="PASS" starttime="20231110 16:11:09.401" endtime="20231110 16:11:09.401"/>
</kw>
<kw name="Run Application" library="AppLibrary">
<status status="PASS" starttime="20231110 16:11:09.401" endtime="20231110 16:11:09.401"/>
</kw>
<status status="PASS" starttime="20231110 16:11:09.400" endtime="20231110 16:11:09.401"/>
</kw>
<kw name="Output Should Contain" library="AppLibrary">
<arg>Logged in</arg>
<status status="PASS" starttime="20231110 16:11:09.401" endtime="20231110 16:11:09.401"/>
</kw>
<status status="PASS" starttime="20231110 16:11:09.399" endtime="20231110 16:11:09.401"/>
</test>
<test id="s1-s1-t2" name="Login With Incorrect Password" line="10">
<kw name="Create User And Input Login Command" type="SETUP">
<kw name="Create User" library="AppLibrary">
<arg>kalle</arg>
<arg>kalle123</arg>
<status status="PASS" starttime="20231110 16:11:09.402" endtime="20231110 16:11:09.403"/>
</kw>
<kw name="Input Login Command" library="resource">
<kw name="Input" library="AppLibrary">
<arg>login</arg>
<status status="PASS" starttime="20231110 16:11:09.403" endtime="20231110 16:11:09.403"/>
</kw>
<status status="PASS" starttime="20231110 16:11:09.403" endtime="20231110 16:11:09.403"/>
</kw>
<status status="PASS" starttime="20231110 16:11:09.402" endtime="20231110 16:11:09.403"/>
</kw>
<kw name="Input Credentials" library="resource">
<arg>kalle</arg>
<arg>kalle321</arg>
<kw name="Input" library="AppLibrary">
<arg>${username}</arg>
<status status="PASS" starttime="20231110 16:11:09.404" endtime="20231110 16:11:09.404"/>
</kw>
<kw name="Input" library="AppLibrary">
<arg>${password}</arg>
<status status="PASS" starttime="20231110 16:11:09.404" endtime="20231110 16:11:09.405"/>
</kw>
<kw name="Run Application" library="AppLibrary">
<status status="PASS" starttime="20231110 16:11:09.405" endtime="20231110 16:11:09.405"/>
</kw>
<status status="PASS" starttime="20231110 16:11:09.404" endtime="20231110 16:11:09.405"/>
</kw>
<kw name="Output Should Contain" library="AppLibrary">
<arg>Invalid username or password</arg>
<status status="PASS" starttime="20231110 16:11:09.405" endtime="20231110 16:11:09.406"/>
</kw>
<status status="PASS" starttime="20231110 16:11:09.402" endtime="20231110 16:11:09.406"/>
</test>
<test id="s1-s1-t3" name="Login With Nonexistent Username" line="15">
<kw name="Create User And Input Login Command" type="SETUP">
<kw name="Create User" library="AppLibrary">
<arg>kalle</arg>
<arg>kalle123</arg>
<status status="PASS" starttime="20231110 16:11:09.407" endtime="20231110 16:11:09.407"/>
</kw>
<kw name="Input Login Command" library="resource">
<kw name="Input" library="AppLibrary">
<arg>login</arg>
<status status="PASS" starttime="20231110 16:11:09.408" endtime="20231110 16:11:09.408"/>
</kw>
<status status="PASS" starttime="20231110 16:11:09.408" endtime="20231110 16:11:09.408"/>
</kw>
<status status="PASS" starttime="20231110 16:11:09.407" endtime="20231110 16:11:09.408"/>
</kw>
<kw name="Input Credentials" library="resource">
<arg>kalle123</arg>
<arg>kalle321</arg>
<kw name="Input" library="AppLibrary">
<arg>${username}</arg>
<status status="PASS" starttime="20231110 16:11:09.408" endtime="20231110 16:11:09.409"/>
</kw>
<kw name="Input" library="AppLibrary">
<arg>${password}</arg>
<status status="PASS" starttime="20231110 16:11:09.409" endtime="20231110 16:11:09.409"/>
</kw>
<kw name="Run Application" library="AppLibrary">
<status status="PASS" starttime="20231110 16:11:09.409" endtime="20231110 16:11:09.409"/>
</kw>
<status status="PASS" starttime="20231110 16:11:09.408" endtime="20231110 16:11:09.409"/>
</kw>
<kw name="Output Should Contain" library="AppLibrary">
<arg>Invalid username or password</arg>
<status status="PASS" starttime="20231110 16:11:09.409" endtime="20231110 16:11:09.409"/>
</kw>
<status status="PASS" starttime="20231110 16:11:09.406" endtime="20231110 16:11:09.409"/>
</test>
<status status="PASS" starttime="20231110 16:11:09.394" endtime="20231110 16:11:09.410"/>
</suite>
<status status="PASS" starttime="20231110 16:11:09.379" endtime="20231110 16:11:09.410"/>
</suite>
<statistics>
<total>
<stat pass="3" fail="0" skip="0">All Tests</stat>
</total>
<tag>
</tag>
<suite>
<stat pass="3" fail="0" skip="0" id="s1" name="Tests">Tests</stat>
<stat pass="3" fail="0" skip="0" id="s1-s1" name="Login">Tests.Login</stat>
</suite>
</statistics>
<errors>
</errors>
</robot>
