<?xml version="1.0" encoding="UTF-8"?>
<robot generator="Robot 6.1.1 (Python 3.10.4 on linux)" generated="20231110 19:16:09.363" rpa="false" schemaversion="4">
<suite id="s1" name="Tests" source="/home/anunissi/Documents/kurssit/ohtu/palautusrepositorio/viikko3/login-robot/src/tests">
<suite id="s1-s1" name="Login" source="/home/anunissi/Documents/kurssit/ohtu/palautusrepositorio/viikko3/login-robot/src/tests/login.robot">
<test id="s1-s1-t1" name="Login With Correct Credentials" line="6">
<kw name="Create User And Input Login Command" type="SETUP">
<kw name="Create User" library="AppLibrary">
<arg>kalle</arg>
<arg>kalle123</arg>
<status status="PASS" starttime="20231110 19:16:09.386" endtime="20231110 19:16:09.386"/>
</kw>
<kw name="Input Login Command" library="resource">
<kw name="Input" library="AppLibrary">
<arg>login</arg>
<status status="PASS" starttime="20231110 19:16:09.386" endtime="20231110 19:16:09.386"/>
</kw>
<status status="PASS" starttime="20231110 19:16:09.386" endtime="20231110 19:16:09.386"/>
</kw>
<status status="PASS" starttime="20231110 19:16:09.385" endtime="20231110 19:16:09.386"/>
</kw>
<kw name="Input Credentials" library="resource">
<arg>kalle</arg>
<arg>kalle123</arg>
<kw name="Input" library="AppLibrary">
<arg>${username}</arg>
<status status="PASS" starttime="20231110 19:16:09.387" endtime="20231110 19:16:09.387"/>
</kw>
<kw name="Input" library="AppLibrary">
<arg>${password}</arg>
<status status="PASS" starttime="20231110 19:16:09.387" endtime="20231110 19:16:09.387"/>
</kw>
<kw name="Run Application" library="AppLibrary">
<status status="PASS" starttime="20231110 19:16:09.387" endtime="20231110 19:16:09.387"/>
</kw>
<status status="PASS" starttime="20231110 19:16:09.386" endtime="20231110 19:16:09.387"/>
</kw>
<kw name="Output Should Contain" library="AppLibrary">
<arg>Logged in</arg>
<status status="PASS" starttime="20231110 19:16:09.387" endtime="20231110 19:16:09.388"/>
</kw>
<status status="PASS" starttime="20231110 19:16:09.385" endtime="20231110 19:16:09.388"/>
</test>
<test id="s1-s1-t2" name="Login With Incorrect Password" line="10">
<kw name="Create User And Input Login Command" type="SETUP">
<kw name="Create User" library="AppLibrary">
<arg>kalle</arg>
<arg>kalle123</arg>
<status status="PASS" starttime="20231110 19:16:09.388" endtime="20231110 19:16:09.389"/>
</kw>
<kw name="Input Login Command" library="resource">
<kw name="Input" library="AppLibrary">
<arg>login</arg>
<status status="PASS" starttime="20231110 19:16:09.389" endtime="20231110 19:16:09.389"/>
</kw>
<status status="PASS" starttime="20231110 19:16:09.389" endtime="20231110 19:16:09.389"/>
</kw>
<status status="PASS" starttime="20231110 19:16:09.388" endtime="20231110 19:16:09.389"/>
</kw>
<kw name="Input Credentials" library="resource">
<arg>kalle</arg>
<arg>kalle321</arg>
<kw name="Input" library="AppLibrary">
<arg>${username}</arg>
<status status="PASS" starttime="20231110 19:16:09.389" endtime="20231110 19:16:09.390"/>
</kw>
<kw name="Input" library="AppLibrary">
<arg>${password}</arg>
<status status="PASS" starttime="20231110 19:16:09.390" endtime="20231110 19:16:09.390"/>
</kw>
<kw name="Run Application" library="AppLibrary">
<status status="PASS" starttime="20231110 19:16:09.390" endtime="20231110 19:16:09.390"/>
</kw>
<status status="PASS" starttime="20231110 19:16:09.389" endtime="20231110 19:16:09.390"/>
</kw>
<kw name="Output Should Contain" library="AppLibrary">
<arg>Invalid username or password</arg>
<status status="PASS" starttime="20231110 19:16:09.390" endtime="20231110 19:16:09.390"/>
</kw>
<status status="PASS" starttime="20231110 19:16:09.388" endtime="20231110 19:16:09.390"/>
</test>
<test id="s1-s1-t3" name="Login With Nonexistent Username" line="15">
<kw name="Create User And Input Login Command" type="SETUP">
<kw name="Create User" library="AppLibrary">
<arg>kalle</arg>
<arg>kalle123</arg>
<status status="PASS" starttime="20231110 19:16:09.391" endtime="20231110 19:16:09.391"/>
</kw>
<kw name="Input Login Command" library="resource">
<kw name="Input" library="AppLibrary">
<arg>login</arg>
<status status="PASS" starttime="20231110 19:16:09.392" endtime="20231110 19:16:09.392"/>
</kw>
<status status="PASS" starttime="20231110 19:16:09.391" endtime="20231110 19:16:09.392"/>
</kw>
<status status="PASS" starttime="20231110 19:16:09.391" endtime="20231110 19:16:09.392"/>
</kw>
<kw name="Input Credentials" library="resource">
<arg>kalle123</arg>
<arg>kalle321</arg>
<kw name="Input" library="AppLibrary">
<arg>${username}</arg>
<status status="PASS" starttime="20231110 19:16:09.392" endtime="20231110 19:16:09.393"/>
</kw>
<kw name="Input" library="AppLibrary">
<arg>${password}</arg>
<status status="PASS" starttime="20231110 19:16:09.393" endtime="20231110 19:16:09.393"/>
</kw>
<kw name="Run Application" library="AppLibrary">
<status status="PASS" starttime="20231110 19:16:09.393" endtime="20231110 19:16:09.393"/>
</kw>
<status status="PASS" starttime="20231110 19:16:09.392" endtime="20231110 19:16:09.393"/>
</kw>
<kw name="Output Should Contain" library="AppLibrary">
<arg>Invalid username or password</arg>
<status status="PASS" starttime="20231110 19:16:09.393" endtime="20231110 19:16:09.393"/>
</kw>
<status status="PASS" starttime="20231110 19:16:09.391" endtime="20231110 19:16:09.393"/>
</test>
<status status="PASS" starttime="20231110 19:16:09.380" endtime="20231110 19:16:09.394"/>
</suite>
<suite id="s1-s2" name="Register" source="/home/anunissi/Documents/kurssit/ohtu/palautusrepositorio/viikko3/login-robot/src/tests/register.robot">
<test id="s1-s2-t1" name="Register With Valid Username And Password" line="6">
<kw name="Input New Command And Create User" type="SETUP">
<kw name="Create User" library="AppLibrary">
<arg>kalle</arg>
<arg>kalle123</arg>
<status status="PASS" starttime="20231110 19:16:09.397" endtime="20231110 19:16:09.398"/>
</kw>
<kw name="Input New Command" library="resource">
<kw name="Input" library="AppLibrary">
<arg>new</arg>
<status status="PASS" starttime="20231110 19:16:09.398" endtime="20231110 19:16:09.398"/>
</kw>
<status status="PASS" starttime="20231110 19:16:09.398" endtime="20231110 19:16:09.398"/>
</kw>
<status status="PASS" starttime="20231110 19:16:09.397" endtime="20231110 19:16:09.398"/>
</kw>
<kw name="Input Credentials" library="resource">
<arg>kallee</arg>
<arg>kalle123</arg>
<kw name="Input" library="AppLibrary">
<arg>${username}</arg>
<status status="PASS" starttime="20231110 19:16:09.398" endtime="20231110 19:16:09.399"/>
</kw>
<kw name="Input" library="AppLibrary">
<arg>${password}</arg>
<status status="PASS" starttime="20231110 19:16:09.399" endtime="20231110 19:16:09.399"/>
</kw>
<kw name="Run Application" library="AppLibrary">
<status status="PASS" starttime="20231110 19:16:09.399" endtime="20231110 19:16:09.399"/>
</kw>
<status status="PASS" starttime="20231110 19:16:09.398" endtime="20231110 19:16:09.399"/>
</kw>
<kw name="Output Should Contain" library="AppLibrary">
<arg>New user registered</arg>
<status status="PASS" starttime="20231110 19:16:09.399" endtime="20231110 19:16:09.399"/>
</kw>
<status status="PASS" starttime="20231110 19:16:09.397" endtime="20231110 19:16:09.399"/>
</test>
<test id="s1-s2-t2" name="Register With Already Taken Username And Valid Password" line="10">
<kw name="Input New Command And Create User" type="SETUP">
<kw name="Create User" library="AppLibrary">
<arg>kalle</arg>
<arg>kalle123</arg>
<status status="PASS" starttime="20231110 19:16:09.400" endtime="20231110 19:16:09.401"/>
</kw>
<kw name="Input New Command" library="resource">
<kw name="Input" library="AppLibrary">
<arg>new</arg>
<status status="PASS" starttime="20231110 19:16:09.401" endtime="20231110 19:16:09.401"/>
</kw>
<status status="PASS" starttime="20231110 19:16:09.401" endtime="20231110 19:16:09.401"/>
</kw>
<status status="PASS" starttime="20231110 19:16:09.400" endtime="20231110 19:16:09.401"/>
</kw>
<kw name="Input Credentials" library="resource">
<arg>kalle</arg>
<arg>kalle123</arg>
<kw name="Input" library="AppLibrary">
<arg>${username}</arg>
<status status="PASS" starttime="20231110 19:16:09.401" endtime="20231110 19:16:09.401"/>
</kw>
<kw name="Input" library="AppLibrary">
<arg>${password}</arg>
<status status="PASS" starttime="20231110 19:16:09.402" endtime="20231110 19:16:09.402"/>
</kw>
<kw name="Run Application" library="AppLibrary">
<status status="PASS" starttime="20231110 19:16:09.402" endtime="20231110 19:16:09.402"/>
</kw>
<status status="PASS" starttime="20231110 19:16:09.401" endtime="20231110 19:16:09.402"/>
</kw>
<kw name="Output Should Contain" library="AppLibrary">
<arg>User with username kalle already exists</arg>
<status status="PASS" starttime="20231110 19:16:09.402" endtime="20231110 19:16:09.402"/>
</kw>
<status status="PASS" starttime="20231110 19:16:09.400" endtime="20231110 19:16:09.402"/>
</test>
<test id="s1-s2-t3" name="Register With Too Short Username And Valid Password" line="14">
<kw name="Input New Command And Create User" type="SETUP">
<kw name="Create User" library="AppLibrary">
<arg>kalle</arg>
<arg>kalle123</arg>
<status status="PASS" starttime="20231110 19:16:09.403" endtime="20231110 19:16:09.403"/>
</kw>
<kw name="Input New Command" library="resource">
<kw name="Input" library="AppLibrary">
<arg>new</arg>
<status status="PASS" starttime="20231110 19:16:09.404" endtime="20231110 19:16:09.404"/>
</kw>
<status status="PASS" starttime="20231110 19:16:09.404" endtime="20231110 19:16:09.404"/>
</kw>
<status status="PASS" starttime="20231110 19:16:09.403" endtime="20231110 19:16:09.404"/>
</kw>
<kw name="Input Credentials" library="resource">
<arg>ka</arg>
<arg>kalle123</arg>
<kw name="Input" library="AppLibrary">
<arg>${username}</arg>
<status status="PASS" starttime="20231110 19:16:09.404" endtime="20231110 19:16:09.404"/>
</kw>
<kw name="Input" library="AppLibrary">
<arg>${password}</arg>
<status status="PASS" starttime="20231110 19:16:09.404" endtime="20231110 19:16:09.405"/>
</kw>
<kw name="Run Application" library="AppLibrary">
<status status="PASS" starttime="20231110 19:16:09.405" endtime="20231110 19:16:09.405"/>
</kw>
<status status="PASS" starttime="20231110 19:16:09.404" endtime="20231110 19:16:09.405"/>
</kw>
<kw name="Output Should Contain" library="AppLibrary">
<arg>Username is too short</arg>
<status status="PASS" starttime="20231110 19:16:09.405" endtime="20231110 19:16:09.405"/>
</kw>
<status status="PASS" starttime="20231110 19:16:09.403" endtime="20231110 19:16:09.405"/>
</test>
<test id="s1-s2-t4" name="Register With Enough Long But Invald Username And Valid Password" line="18">
<kw name="Input New Command And Create User" type="SETUP">
<kw name="Create User" library="AppLibrary">
<arg>kalle</arg>
<arg>kalle123</arg>
<status status="PASS" starttime="20231110 19:16:09.406" endtime="20231110 19:16:09.406"/>
</kw>
<kw name="Input New Command" library="resource">
<kw name="Input" library="AppLibrary">
<arg>new</arg>
<status status="PASS" starttime="20231110 19:16:09.406" endtime="20231110 19:16:09.406"/>
</kw>
<status status="PASS" starttime="20231110 19:16:09.406" endtime="20231110 19:16:09.406"/>
</kw>
<status status="PASS" starttime="20231110 19:16:09.406" endtime="20231110 19:16:09.406"/>
</kw>
<kw name="Input Credentials" library="resource">
<arg>kal12</arg>
<arg>kalle123</arg>
<kw name="Input" library="AppLibrary">
<arg>${username}</arg>
<status status="PASS" starttime="20231110 19:16:09.407" endtime="20231110 19:16:09.407"/>
</kw>
<kw name="Input" library="AppLibrary">
<arg>${password}</arg>
<status status="PASS" starttime="20231110 19:16:09.407" endtime="20231110 19:16:09.407"/>
</kw>
<kw name="Run Application" library="AppLibrary">
<status status="PASS" starttime="20231110 19:16:09.407" endtime="20231110 19:16:09.407"/>
</kw>
<status status="PASS" starttime="20231110 19:16:09.407" endtime="20231110 19:16:09.408"/>
</kw>
<kw name="Output Should Contain" library="AppLibrary">
<arg>Username must contain only letters a-z</arg>
<status status="PASS" starttime="20231110 19:16:09.408" endtime="20231110 19:16:09.408"/>
</kw>
<status status="PASS" starttime="20231110 19:16:09.405" endtime="20231110 19:16:09.408"/>
</test>
<test id="s1-s2-t5" name="Register With Valid Username And Too Short Password" line="22">
<kw name="Input New Command And Create User" type="SETUP">
<kw name="Create User" library="AppLibrary">
<arg>kalle</arg>
<arg>kalle123</arg>
<status status="PASS" starttime="20231110 19:16:09.409" endtime="20231110 19:16:09.409"/>
</kw>
<kw name="Input New Command" library="resource">
<kw name="Input" library="AppLibrary">
<arg>new</arg>
<status status="PASS" starttime="20231110 19:16:09.410" endtime="20231110 19:16:09.410"/>
</kw>
<status status="PASS" starttime="20231110 19:16:09.409" endtime="20231110 19:16:09.410"/>
</kw>
<status status="PASS" starttime="20231110 19:16:09.409" endtime="20231110 19:16:09.410"/>
</kw>
<kw name="Input Credentials" library="resource">
<arg>kallllle</arg>
<arg>k123</arg>
<kw name="Input" library="AppLibrary">
<arg>${username}</arg>
<status status="PASS" starttime="20231110 19:16:09.411" endtime="20231110 19:16:09.411"/>
</kw>
<kw name="Input" library="AppLibrary">
<arg>${password}</arg>
<status status="PASS" starttime="20231110 19:16:09.411" endtime="20231110 19:16:09.411"/>
</kw>
<kw name="Run Application" library="AppLibrary">
<status status="PASS" starttime="20231110 19:16:09.411" endtime="20231110 19:16:09.412"/>
</kw>
<status status="PASS" starttime="20231110 19:16:09.410" endtime="20231110 19:16:09.412"/>
</kw>
<kw name="Output Should Contain" library="AppLibrary">
<arg>Password is too short</arg>
<status status="PASS" starttime="20231110 19:16:09.412" endtime="20231110 19:16:09.412"/>
</kw>
<status status="PASS" starttime="20231110 19:16:09.408" endtime="20231110 19:16:09.412"/>
</test>
<test id="s1-s2-t6" name="Register With Valid Username And Long Enough Password Containing Only Letters" line="26">
<kw name="Input New Command And Create User" type="SETUP">
<kw name="Create User" library="AppLibrary">
<arg>kalle</arg>
<arg>kalle123</arg>
<status status="PASS" starttime="20231110 19:16:09.413" endtime="20231110 19:16:09.414"/>
</kw>
<kw name="Input New Command" library="resource">
<kw name="Input" library="AppLibrary">
<arg>new</arg>
<status status="PASS" starttime="20231110 19:16:09.414" endtime="20231110 19:16:09.414"/>
</kw>
<status status="PASS" starttime="20231110 19:16:09.414" endtime="20231110 19:16:09.414"/>
</kw>
<status status="PASS" starttime="20231110 19:16:09.413" endtime="20231110 19:16:09.414"/>
</kw>
<kw name="Input Credentials" library="resource">
<arg>kkka</arg>
<arg>salasana</arg>
<kw name="Input" library="AppLibrary">
<arg>${username}</arg>
<status status="PASS" starttime="20231110 19:16:09.415" endtime="20231110 19:16:09.415"/>
</kw>
<kw name="Input" library="AppLibrary">
<arg>${password}</arg>
<status status="PASS" starttime="20231110 19:16:09.415" endtime="20231110 19:16:09.415"/>
</kw>
<kw name="Run Application" library="AppLibrary">
<status status="PASS" starttime="20231110 19:16:09.415" endtime="20231110 19:16:09.415"/>
</kw>
<status status="PASS" starttime="20231110 19:16:09.415" endtime="20231110 19:16:09.415"/>
</kw>
<kw name="Output Should Contain" library="AppLibrary">
<arg>Password must contain at least one number</arg>
<status status="PASS" starttime="20231110 19:16:09.416" endtime="20231110 19:16:09.416"/>
</kw>
<status status="PASS" starttime="20231110 19:16:09.412" endtime="20231110 19:16:09.416"/>
</test>
<status status="PASS" starttime="20231110 19:16:09.394" endtime="20231110 19:16:09.416"/>
</suite>
<status status="PASS" starttime="20231110 19:16:09.364" endtime="20231110 19:16:09.417"/>
</suite>
<statistics>
<total>
<stat pass="9" fail="0" skip="0">All Tests</stat>
</total>
<tag>
</tag>
<suite>
<stat pass="9" fail="0" skip="0" id="s1" name="Tests">Tests</stat>
<stat pass="3" fail="0" skip="0" id="s1-s1" name="Login">Tests.Login</stat>
<stat pass="6" fail="0" skip="0" id="s1-s2" name="Register">Tests.Register</stat>
</suite>
</statistics>
<errors>
<msg timestamp="20231110 19:16:09.382" level="ERROR">Error in file '/home/anunissi/Documents/kurssit/ohtu/palautusrepositorio/viikko3/login-robot/src/tests/resource.robot' on line 3: Setting 'Test Setup' is not allowed in resource file.</msg>
</errors>
</robot>
