<?xml version="1.0" encoding="UTF-8"?>
<robot generator="Robot 6.1.1 (Python 3.10.4 on linux)" generated="20231110 16:11:42.001" rpa="false" schemaversion="4">
<suite id="s1" name="Tests" source="/home/anunissi/Documents/kurssit/ohtu/palautusrepositorio/viikko3/login-robot/src/tests">
<suite id="s1-s1" name="Login" source="/home/anunissi/Documents/kurssit/ohtu/palautusrepositorio/viikko3/login-robot/src/tests/login.robot">
<test id="s1-s1-t1" name="Login With Correct Credentials" line="6">
<kw name="Create User And Input Login Command" type="SETUP">
<kw name="Create User" library="AppLibrary">
<arg>kalle</arg>
<arg>kalle123</arg>
<status status="PASS" starttime="20231110 16:11:42.023" endtime="20231110 16:11:42.023"/>
</kw>
<kw name="Input Login Command" library="resource">
<kw name="Input" library="AppLibrary">
<arg>login</arg>
<status status="PASS" starttime="20231110 16:11:42.023" endtime="20231110 16:11:42.023"/>
</kw>
<status status="PASS" starttime="20231110 16:11:42.023" endtime="20231110 16:11:42.023"/>
</kw>
<status status="PASS" starttime="20231110 16:11:42.022" endtime="20231110 16:11:42.023"/>
</kw>
<kw name="Input Credentials" library="resource">
<arg>kalle</arg>
<arg>kalle123</arg>
<kw name="Input" library="AppLibrary">
<arg>${username}</arg>
<status status="PASS" starttime="20231110 16:11:42.024" endtime="20231110 16:11:42.024"/>
</kw>
<kw name="Input" library="AppLibrary">
<arg>${password}</arg>
<status status="PASS" starttime="20231110 16:11:42.024" endtime="20231110 16:11:42.024"/>
</kw>
<kw name="Run Application" library="AppLibrary">
<status status="PASS" starttime="20231110 16:11:42.024" endtime="20231110 16:11:42.024"/>
</kw>
<status status="PASS" starttime="20231110 16:11:42.023" endtime="20231110 16:11:42.024"/>
</kw>
<kw name="Output Should Contain" library="AppLibrary">
<arg>Logged in</arg>
<status status="PASS" starttime="20231110 16:11:42.024" endtime="20231110 16:11:42.025"/>
</kw>
<status status="PASS" starttime="20231110 16:11:42.022" endtime="20231110 16:11:42.025"/>
</test>
<test id="s1-s1-t2" name="Login With Incorrect Password" line="10">
<kw name="Create User And Input Login Command" type="SETUP">
<kw name="Create User" library="AppLibrary">
<arg>kalle</arg>
<arg>kalle123</arg>
<status status="PASS" starttime="20231110 16:11:42.026" endtime="20231110 16:11:42.026"/>
</kw>
<kw name="Input Login Command" library="resource">
<kw name="Input" library="AppLibrary">
<arg>login</arg>
<status status="PASS" starttime="20231110 16:11:42.026" endtime="20231110 16:11:42.026"/>
</kw>
<status status="PASS" starttime="20231110 16:11:42.026" endtime="20231110 16:11:42.026"/>
</kw>
<status status="PASS" starttime="20231110 16:11:42.025" endtime="20231110 16:11:42.026"/>
</kw>
<kw name="Input Credentials" library="resource">
<arg>kalle</arg>
<arg>kalle321</arg>
<kw name="Input" library="AppLibrary">
<arg>${username}</arg>
<status status="PASS" starttime="20231110 16:11:42.026" endtime="20231110 16:11:42.027"/>
</kw>
<kw name="Input" library="AppLibrary">
<arg>${password}</arg>
<status status="PASS" starttime="20231110 16:11:42.027" endtime="20231110 16:11:42.027"/>
</kw>
<kw name="Run Application" library="AppLibrary">
<status status="PASS" starttime="20231110 16:11:42.027" endtime="20231110 16:11:42.027"/>
</kw>
<status status="PASS" starttime="20231110 16:11:42.026" endtime="20231110 16:11:42.027"/>
</kw>
<kw name="Output Should Contain" library="AppLibrary">
<arg>Invalid username or password</arg>
<status status="PASS" starttime="20231110 16:11:42.027" endtime="20231110 16:11:42.027"/>
</kw>
<status status="PASS" starttime="20231110 16:11:42.025" endtime="20231110 16:11:42.027"/>
</test>
<test id="s1-s1-t3" name="Login With Nonexistent Username" line="15">
<kw name="Create User And Input Login Command" type="SETUP">
<kw name="Create User" library="AppLibrary">
<arg>kalle</arg>
<arg>kalle123</arg>
<status status="PASS" starttime="20231110 16:11:42.028" endtime="20231110 16:11:42.028"/>
</kw>
<kw name="Input Login Command" library="resource">
<kw name="Input" library="AppLibrary">
<arg>login</arg>
<status status="PASS" starttime="20231110 16:11:42.028" endtime="20231110 16:11:42.029"/>
</kw>
<status status="PASS" starttime="20231110 16:11:42.028" endtime="20231110 16:11:42.029"/>
</kw>
<status status="PASS" starttime="20231110 16:11:42.028" endtime="20231110 16:11:42.029"/>
</kw>
<kw name="Input Credentials" library="resource">
<arg>kalle123</arg>
<arg>kalle321</arg>
<kw name="Input" library="AppLibrary">
<arg>${username}</arg>
<status status="PASS" starttime="20231110 16:11:42.029" endtime="20231110 16:11:42.029"/>
</kw>
<kw name="Input" library="AppLibrary">
<arg>${password}</arg>
<status status="PASS" starttime="20231110 16:11:42.029" endtime="20231110 16:11:42.030"/>
</kw>
<kw name="Run Application" library="AppLibrary">
<status status="PASS" starttime="20231110 16:11:42.030" endtime="20231110 16:11:42.030"/>
</kw>
<status status="PASS" starttime="20231110 16:11:42.029" endtime="20231110 16:11:42.030"/>
</kw>
<kw name="Output Should Contain" library="AppLibrary">
<arg>Invalid username or password</arg>
<status status="PASS" starttime="20231110 16:11:42.030" endtime="20231110 16:11:42.030"/>
</kw>
<status status="PASS" starttime="20231110 16:11:42.028" endtime="20231110 16:11:42.030"/>
</test>
<status status="PASS" starttime="20231110 16:11:42.018" endtime="20231110 16:11:42.031"/>
</suite>
<status status="PASS" starttime="20231110 16:11:42.002" endtime="20231110 16:11:42.031"/>
</suite>
<statistics>
<total>
<stat pass="3" fail="0" skip="0">All Tests</stat>
</total>
<tag>
</tag>
<suite>
<stat pass="3" fail="0" skip="0" id="s1" name="Tests">Tests</stat>
<stat pass="3" fail="0" skip="0" id="s1-s1" name="Login">Tests.Login</stat>
</suite>
</statistics>
<errors>
</errors>
</robot>
