<?xml version="1.0" encoding="UTF-8"?>
<robot generator="Robot 6.1.1 (Python 3.10.4 on linux)" generated="20231110 19:16:18.617" rpa="false" schemaversion="4">
<suite id="s1" name="Tests" source="/home/anunissi/Documents/kurssit/ohtu/palautusrepositorio/viikko3/login-robot/src/tests">
<suite id="s1-s1" name="Login" source="/home/anunissi/Documents/kurssit/ohtu/palautusrepositorio/viikko3/login-robot/src/tests/login.robot">
<test id="s1-s1-t1" name="Login With Correct Credentials" line="6">
<kw name="Create User And Input Login Command" type="SETUP">
<kw name="Create User" library="AppLibrary">
<arg>kalle</arg>
<arg>kalle123</arg>
<status status="PASS" starttime="20231110 19:16:18.640" endtime="20231110 19:16:18.640"/>
</kw>
<kw name="Input Login Command" library="resource">
<kw name="Input" library="AppLibrary">
<arg>login</arg>
<status status="PASS" starttime="20231110 19:16:18.640" endtime="20231110 19:16:18.640"/>
</kw>
<status status="PASS" starttime="20231110 19:16:18.640" endtime="20231110 19:16:18.641"/>
</kw>
<status status="PASS" starttime="20231110 19:16:18.640" endtime="20231110 19:16:18.641"/>
</kw>
<kw name="Input Credentials" library="resource">
<arg>kalle</arg>
<arg>kalle123</arg>
<kw name="Input" library="AppLibrary">
<arg>${username}</arg>
<status status="PASS" starttime="20231110 19:16:18.641" endtime="20231110 19:16:18.641"/>
</kw>
<kw name="Input" library="AppLibrary">
<arg>${password}</arg>
<status status="PASS" starttime="20231110 19:16:18.641" endtime="20231110 19:16:18.641"/>
</kw>
<kw name="Run Application" library="AppLibrary">
<status status="PASS" starttime="20231110 19:16:18.642" endtime="20231110 19:16:18.642"/>
</kw>
<status status="PASS" starttime="20231110 19:16:18.641" endtime="20231110 19:16:18.642"/>
</kw>
<kw name="Output Should Contain" library="AppLibrary">
<arg>Logged in</arg>
<status status="PASS" starttime="20231110 19:16:18.642" endtime="20231110 19:16:18.642"/>
</kw>
<status status="PASS" starttime="20231110 19:16:18.639" endtime="20231110 19:16:18.642"/>
</test>
<test id="s1-s1-t2" name="Login With Incorrect Password" line="10">
<kw name="Create User And Input Login Command" type="SETUP">
<kw name="Create User" library="AppLibrary">
<arg>kalle</arg>
<arg>kalle123</arg>
<status status="PASS" starttime="20231110 19:16:18.643" endtime="20231110 19:16:18.643"/>
</kw>
<kw name="Input Login Command" library="resource">
<kw name="Input" library="AppLibrary">
<arg>login</arg>
<status status="PASS" starttime="20231110 19:16:18.643" endtime="20231110 19:16:18.643"/>
</kw>
<status status="PASS" starttime="20231110 19:16:18.643" endtime="20231110 19:16:18.643"/>
</kw>
<status status="PASS" starttime="20231110 19:16:18.643" endtime="20231110 19:16:18.643"/>
</kw>
<kw name="Input Credentials" library="resource">
<arg>kalle</arg>
<arg>kalle321</arg>
<kw name="Input" library="AppLibrary">
<arg>${username}</arg>
<status status="PASS" starttime="20231110 19:16:18.644" endtime="20231110 19:16:18.644"/>
</kw>
<kw name="Input" library="AppLibrary">
<arg>${password}</arg>
<status status="PASS" starttime="20231110 19:16:18.644" endtime="20231110 19:16:18.644"/>
</kw>
<kw name="Run Application" library="AppLibrary">
<status status="PASS" starttime="20231110 19:16:18.644" endtime="20231110 19:16:18.644"/>
</kw>
<status status="PASS" starttime="20231110 19:16:18.644" endtime="20231110 19:16:18.644"/>
</kw>
<kw name="Output Should Contain" library="AppLibrary">
<arg>Invalid username or password</arg>
<status status="PASS" starttime="20231110 19:16:18.644" endtime="20231110 19:16:18.644"/>
</kw>
<status status="PASS" starttime="20231110 19:16:18.642" endtime="20231110 19:16:18.645"/>
</test>
<test id="s1-s1-t3" name="Login With Nonexistent Username" line="15">
<kw name="Create User And Input Login Command" type="SETUP">
<kw name="Create User" library="AppLibrary">
<arg>kalle</arg>
<arg>kalle123</arg>
<status status="PASS" starttime="20231110 19:16:18.645" endtime="20231110 19:16:18.645"/>
</kw>
<kw name="Input Login Command" library="resource">
<kw name="Input" library="AppLibrary">
<arg>login</arg>
<status status="PASS" starttime="20231110 19:16:18.646" endtime="20231110 19:16:18.646"/>
</kw>
<status status="PASS" starttime="20231110 19:16:18.646" endtime="20231110 19:16:18.646"/>
</kw>
<status status="PASS" starttime="20231110 19:16:18.645" endtime="20231110 19:16:18.646"/>
</kw>
<kw name="Input Credentials" library="resource">
<arg>kalle123</arg>
<arg>kalle321</arg>
<kw name="Input" library="AppLibrary">
<arg>${username}</arg>
<status status="PASS" starttime="20231110 19:16:18.646" endtime="20231110 19:16:18.646"/>
</kw>
<kw name="Input" library="AppLibrary">
<arg>${password}</arg>
<status status="PASS" starttime="20231110 19:16:18.647" endtime="20231110 19:16:18.647"/>
</kw>
<kw name="Run Application" library="AppLibrary">
<status status="PASS" starttime="20231110 19:16:18.647" endtime="20231110 19:16:18.647"/>
</kw>
<status status="PASS" starttime="20231110 19:16:18.646" endtime="20231110 19:16:18.647"/>
</kw>
<kw name="Output Should Contain" library="AppLibrary">
<arg>Invalid username or password</arg>
<status status="PASS" starttime="20231110 19:16:18.647" endtime="20231110 19:16:18.647"/>
</kw>
<status status="PASS" starttime="20231110 19:16:18.645" endtime="20231110 19:16:18.647"/>
</test>
<status status="PASS" starttime="20231110 19:16:18.635" endtime="20231110 19:16:18.647"/>
</suite>
<suite id="s1-s2" name="Register" source="/home/anunissi/Documents/kurssit/ohtu/palautusrepositorio/viikko3/login-robot/src/tests/register.robot">
<test id="s1-s2-t1" name="Register With Valid Username And Password" line="6">
<kw name="Input New Command And Create User" type="SETUP">
<kw name="Create User" library="AppLibrary">
<arg>kalle</arg>
<arg>kalle123</arg>
<status status="PASS" starttime="20231110 19:16:18.650" endtime="20231110 19:16:18.650"/>
</kw>
<kw name="Input New Command" library="resource">
<kw name="Input" library="AppLibrary">
<arg>new</arg>
<status status="PASS" starttime="20231110 19:16:18.650" endtime="20231110 19:16:18.651"/>
</kw>
<status status="PASS" starttime="20231110 19:16:18.650" endtime="20231110 19:16:18.651"/>
</kw>
<status status="PASS" starttime="20231110 19:16:18.650" endtime="20231110 19:16:18.651"/>
</kw>
<kw name="Input Credentials" library="resource">
<arg>kallee</arg>
<arg>kalle123</arg>
<kw name="Input" library="AppLibrary">
<arg>${username}</arg>
<status status="PASS" starttime="20231110 19:16:18.651" endtime="20231110 19:16:18.651"/>
</kw>
<kw name="Input" library="AppLibrary">
<arg>${password}</arg>
<status status="PASS" starttime="20231110 19:16:18.651" endtime="20231110 19:16:18.651"/>
</kw>
<kw name="Run Application" library="AppLibrary">
<status status="PASS" starttime="20231110 19:16:18.651" endtime="20231110 19:16:18.651"/>
</kw>
<status status="PASS" starttime="20231110 19:16:18.651" endtime="20231110 19:16:18.651"/>
</kw>
<kw name="Output Should Contain" library="AppLibrary">
<arg>New user registered</arg>
<status status="PASS" starttime="20231110 19:16:18.652" endtime="20231110 19:16:18.652"/>
</kw>
<status status="PASS" starttime="20231110 19:16:18.650" endtime="20231110 19:16:18.652"/>
</test>
<test id="s1-s2-t2" name="Register With Already Taken Username And Valid Password" line="10">
<kw name="Input New Command And Create User" type="SETUP">
<kw name="Create User" library="AppLibrary">
<arg>kalle</arg>
<arg>kalle123</arg>
<status status="PASS" starttime="20231110 19:16:18.652" endtime="20231110 19:16:18.653"/>
</kw>
<kw name="Input New Command" library="resource">
<kw name="Input" library="AppLibrary">
<arg>new</arg>
<status status="PASS" starttime="20231110 19:16:18.653" endtime="20231110 19:16:18.653"/>
</kw>
<status status="PASS" starttime="20231110 19:16:18.653" endtime="20231110 19:16:18.653"/>
</kw>
<status status="PASS" starttime="20231110 19:16:18.652" endtime="20231110 19:16:18.653"/>
</kw>
<kw name="Input Credentials" library="resource">
<arg>kalle</arg>
<arg>kalle123</arg>
<kw name="Input" library="AppLibrary">
<arg>${username}</arg>
<status status="PASS" starttime="20231110 19:16:18.653" endtime="20231110 19:16:18.653"/>
</kw>
<kw name="Input" library="AppLibrary">
<arg>${password}</arg>
<status status="PASS" starttime="20231110 19:16:18.654" endtime="20231110 19:16:18.654"/>
</kw>
<kw name="Run Application" library="AppLibrary">
<status status="PASS" starttime="20231110 19:16:18.654" endtime="20231110 19:16:18.654"/>
</kw>
<status status="PASS" starttime="20231110 19:16:18.653" endtime="20231110 19:16:18.654"/>
</kw>
<kw name="Output Should Contain" library="AppLibrary">
<arg>User with username kalle already exists</arg>
<status status="PASS" starttime="20231110 19:16:18.654" endtime="20231110 19:16:18.654"/>
</kw>
<status status="PASS" starttime="20231110 19:16:18.652" endtime="20231110 19:16:18.654"/>
</test>
<test id="s1-s2-t3" name="Register With Too Short Username And Valid Password" line="14">
<kw name="Input New Command And Create User" type="SETUP">
<kw name="Create User" library="AppLibrary">
<arg>kalle</arg>
<arg>kalle123</arg>
<status status="PASS" starttime="20231110 19:16:18.655" endtime="20231110 19:16:18.655"/>
</kw>
<kw name="Input New Command" library="resource">
<kw name="Input" library="AppLibrary">
<arg>new</arg>
<status status="PASS" starttime="20231110 19:16:18.655" endtime="20231110 19:16:18.655"/>
</kw>
<status status="PASS" starttime="20231110 19:16:18.655" endtime="20231110 19:16:18.655"/>
</kw>
<status status="PASS" starttime="20231110 19:16:18.655" endtime="20231110 19:16:18.655"/>
</kw>
<kw name="Input Credentials" library="resource">
<arg>ka</arg>
<arg>kalle123</arg>
<kw name="Input" library="AppLibrary">
<arg>${username}</arg>
<status status="PASS" starttime="20231110 19:16:18.656" endtime="20231110 19:16:18.656"/>
</kw>
<kw name="Input" library="AppLibrary">
<arg>${password}</arg>
<status status="PASS" starttime="20231110 19:16:18.656" endtime="20231110 19:16:18.656"/>
</kw>
<kw name="Run Application" library="AppLibrary">
<status status="PASS" starttime="20231110 19:16:18.656" endtime="20231110 19:16:18.656"/>
</kw>
<status status="PASS" starttime="20231110 19:16:18.656" endtime="20231110 19:16:18.656"/>
</kw>
<kw name="Output Should Contain" library="AppLibrary">
<arg>Username is too short</arg>
<status status="PASS" starttime="20231110 19:16:18.657" endtime="20231110 19:16:18.657"/>
</kw>
<status status="PASS" starttime="20231110 19:16:18.654" endtime="20231110 19:16:18.657"/>
</test>
<test id="s1-s2-t4" name="Register With Enough Long But Invald Username And Valid Password" line="18">
<kw name="Input New Command And Create User" type="SETUP">
<kw name="Create User" library="AppLibrary">
<arg>kalle</arg>
<arg>kalle123</arg>
<status status="PASS" starttime="20231110 19:16:18.658" endtime="20231110 19:16:18.658"/>
</kw>
<kw name="Input New Command" library="resource">
<kw name="Input" library="AppLibrary">
<arg>new</arg>
<status status="PASS" starttime="20231110 19:16:18.658" endtime="20231110 19:16:18.658"/>
</kw>
<status status="PASS" starttime="20231110 19:16:18.658" endtime="20231110 19:16:18.658"/>
</kw>
<status status="PASS" starttime="20231110 19:16:18.657" endtime="20231110 19:16:18.658"/>
</kw>
<kw name="Input Credentials" library="resource">
<arg>kal12</arg>
<arg>kalle123</arg>
<kw name="Input" library="AppLibrary">
<arg>${username}</arg>
<status status="PASS" starttime="20231110 19:16:18.659" endtime="20231110 19:16:18.659"/>
</kw>
<kw name="Input" library="AppLibrary">
<arg>${password}</arg>
<status status="PASS" starttime="20231110 19:16:18.659" endtime="20231110 19:16:18.659"/>
</kw>
<kw name="Run Application" library="AppLibrary">
<status status="PASS" starttime="20231110 19:16:18.659" endtime="20231110 19:16:18.659"/>
</kw>
<status status="PASS" starttime="20231110 19:16:18.658" endtime="20231110 19:16:18.659"/>
</kw>
<kw name="Output Should Contain" library="AppLibrary">
<arg>Username must contain only letters a-z</arg>
<status status="PASS" starttime="20231110 19:16:18.659" endtime="20231110 19:16:18.659"/>
</kw>
<status status="PASS" starttime="20231110 19:16:18.657" endtime="20231110 19:16:18.660"/>
</test>
<test id="s1-s2-t5" name="Register With Valid Username And Too Short Password" line="22">
<kw name="Input New Command And Create User" type="SETUP">
<kw name="Create User" library="AppLibrary">
<arg>kalle</arg>
<arg>kalle123</arg>
<status status="PASS" starttime="20231110 19:16:18.660" endtime="20231110 19:16:18.660"/>
</kw>
<kw name="Input New Command" library="resource">
<kw name="Input" library="AppLibrary">
<arg>new</arg>
<status status="PASS" starttime="20231110 19:16:18.661" endtime="20231110 19:16:18.661"/>
</kw>
<status status="PASS" starttime="20231110 19:16:18.660" endtime="20231110 19:16:18.661"/>
</kw>
<status status="PASS" starttime="20231110 19:16:18.660" endtime="20231110 19:16:18.661"/>
</kw>
<kw name="Input Credentials" library="resource">
<arg>kallllle</arg>
<arg>k123</arg>
<kw name="Input" library="AppLibrary">
<arg>${username}</arg>
<status status="PASS" starttime="20231110 19:16:18.661" endtime="20231110 19:16:18.661"/>
</kw>
<kw name="Input" library="AppLibrary">
<arg>${password}</arg>
<status status="PASS" starttime="20231110 19:16:18.661" endtime="20231110 19:16:18.662"/>
</kw>
<kw name="Run Application" library="AppLibrary">
<status status="PASS" starttime="20231110 19:16:18.662" endtime="20231110 19:16:18.662"/>
</kw>
<status status="PASS" starttime="20231110 19:16:18.661" endtime="20231110 19:16:18.662"/>
</kw>
<kw name="Output Should Contain" library="AppLibrary">
<arg>Password is too short</arg>
<status status="PASS" starttime="20231110 19:16:18.662" endtime="20231110 19:16:18.662"/>
</kw>
<status status="PASS" starttime="20231110 19:16:18.660" endtime="20231110 19:16:18.662"/>
</test>
<test id="s1-s2-t6" name="Register With Valid Username And Long Enough Password Containing Only Letters" line="26">
<kw name="Input New Command And Create User" type="SETUP">
<kw name="Create User" library="AppLibrary">
<arg>kalle</arg>
<arg>kalle123</arg>
<status status="PASS" starttime="20231110 19:16:18.663" endtime="20231110 19:16:18.663"/>
</kw>
<kw name="Input New Command" library="resource">
<kw name="Input" library="AppLibrary">
<arg>new</arg>
<status status="PASS" starttime="20231110 19:16:18.663" endtime="20231110 19:16:18.663"/>
</kw>
<status status="PASS" starttime="20231110 19:16:18.663" endtime="20231110 19:16:18.663"/>
</kw>
<status status="PASS" starttime="20231110 19:16:18.663" endtime="20231110 19:16:18.663"/>
</kw>
<kw name="Input Credentials" library="resource">
<arg>kkka</arg>
<arg>salasana</arg>
<kw name="Input" library="AppLibrary">
<arg>${username}</arg>
<status status="PASS" starttime="20231110 19:16:18.664" endtime="20231110 19:16:18.664"/>
</kw>
<kw name="Input" library="AppLibrary">
<arg>${password}</arg>
<status status="PASS" starttime="20231110 19:16:18.664" endtime="20231110 19:16:18.664"/>
</kw>
<kw name="Run Application" library="AppLibrary">
<status status="PASS" starttime="20231110 19:16:18.664" endtime="20231110 19:16:18.664"/>
</kw>
<status status="PASS" starttime="20231110 19:16:18.663" endtime="20231110 19:16:18.664"/>
</kw>
<kw name="Output Should Contain" library="AppLibrary">
<arg>Password must contain at least one number</arg>
<status status="PASS" starttime="20231110 19:16:18.664" endtime="20231110 19:16:18.664"/>
</kw>
<status status="PASS" starttime="20231110 19:16:18.662" endtime="20231110 19:16:18.665"/>
</test>
<status status="PASS" starttime="20231110 19:16:18.648" endtime="20231110 19:16:18.665"/>
</suite>
<status status="PASS" starttime="20231110 19:16:18.619" endtime="20231110 19:16:18.665"/>
</suite>
<statistics>
<total>
<stat pass="9" fail="0" skip="0">All Tests</stat>
</total>
<tag>
</tag>
<suite>
<stat pass="9" fail="0" skip="0" id="s1" name="Tests">Tests</stat>
<stat pass="3" fail="0" skip="0" id="s1-s1" name="Login">Tests.Login</stat>
<stat pass="6" fail="0" skip="0" id="s1-s2" name="Register">Tests.Register</stat>
</suite>
</statistics>
<errors>
<msg timestamp="20231110 19:16:18.636" level="ERROR">Error in file '/home/anunissi/Documents/kurssit/ohtu/palautusrepositorio/viikko3/login-robot/src/tests/resource.robot' on line 3: Setting 'Test Setup' is not allowed in resource file.</msg>
</errors>
</robot>
